<?xml version="1.0" encoding="UTF-8"?>
<!-- Generated by org.testng.reporters.JUnitXMLReporter -->
<testsuite hostname="ITAdmins-MacBook-Pro.local" failures="0" tests="2" name="demotestTime" time="69.378" errors="0" timestamp="23 Mar 2021 14:40:13 GMT">
  <testcase classname="com.burning.glass.selenium.web.demotest.DemoTest1" name="demotest1" time="4.108"/>
  <testcase classname="com.burning.glass.selenium.web.demotest.DemoTest1" name="handleAlert" time="54.542"/>
</testsuite> <!-- demotestTime -->
