<?xml version="1.0" encoding="UTF-8"?>
<testng-results total="2" passed="2" failed="0" skipped="0">
  <reporter-output>
    <line>
      <![CDATA[STEP_DOC [14:39:06:684] [00:00:03:109]:Starting test for class [com.burning.glass.selenium.web.demotest.DemoTest1] and method [demotest1]]]>
    </line>
    <line>
      <![CDATA[STEP_DOC [14:39:06:729] [449030:39:06:730]:STEP_DOC [14:39:06:684] [00:00:03:109]:Starting test for class [com.burning.glass.selenium.web.demotest.DemoTest1] and method [demotest1]]]>
    </line>
    <line>
      <![CDATA[STEP_DOC [14:39:10:841] [00:00:07:223]:Test finished for class [com.burning.glass.selenium.web.demotest.DemoTest1] and method [demotest1]]]>
    </line>
    <line>
      <![CDATA[STEP_DOC [14:39:10:841] [449030:39:10:842]:STEP_DOC [14:39:10:841] [00:00:07:223]:Test finished for class [com.burning.glass.selenium.web.demotest.DemoTest1] and method [demotest1]]]>
    </line>
    <line>
      <![CDATA[STEP_DOC [14:39:10:843] [00:00:07:226]:Starting test for class [com.burning.glass.selenium.web.demotest.DemoTest1] and method [handleAlert]]]>
    </line>
    <line>
      <![CDATA[STEP_DOC [14:39:10:844] [449030:39:10:845]:STEP_DOC [14:39:10:843] [00:00:07:226]:Starting test for class [com.burning.glass.selenium.web.demotest.DemoTest1] and method [handleAlert]]]>
    </line>
    <line>
      <![CDATA[STEP_DOC [14:39:29:043] [00:00:25:425]:Switching to window handle [CDwindow-88DFC25B3B273B20C16B4873624C186E]]]>
    </line>
    <line>
      <![CDATA[STEP_DOC [14:39:29:044] [449030:39:29:044]:STEP_DOC [14:39:29:043] [00:00:25:425]:Switching to window handle [CDwindow-88DFC25B3B273B20C16B4873624C186E]]]>
    </line>
    <line>
      <![CDATA[STEP_DOC [14:39:47:777] [00:00:44:164]:Done waiting for 1000 ms.]]>
    </line>
    <line>
      <![CDATA[STEP_DOC [14:39:47:790] [449030:39:47:796]:STEP_DOC [14:39:47:777] [00:00:44:164]:Done waiting for 1000 ms.]]>
    </line>
    <line>
      <![CDATA[STEP_DOC [14:40:02:448] [00:00:58:830]:Done waiting for 1000 ms.]]>
    </line>
    <line>
      <![CDATA[STEP_DOC [14:40:02:449] [449030:40:02:450]:STEP_DOC [14:40:02:448] [00:00:58:830]:Done waiting for 1000 ms.]]>
    </line>
    <line>
      <![CDATA[STEP_DOC [14:40:05:389] [00:01:01:771]:Test finished for class [com.burning.glass.selenium.web.demotest.DemoTest1] and method [handleAlert]]]>
    </line>
    <line>
      <![CDATA[STEP_DOC [14:40:05:389] [449030:40:05:390]:STEP_DOC [14:40:05:389] [00:01:01:771]:Test finished for class [com.burning.glass.selenium.web.demotest.DemoTest1] and method [handleAlert]]]>
    </line>
    <line>
      <![CDATA[STEP_DOC [14:40:05:390] [00:01:01:773]:Closing session.]]>
    </line>
    <line>
      <![CDATA[STEP_DOC [14:40:05:391] [449030:40:05:391]:STEP_DOC [14:40:05:390] [00:01:01:773]:Closing session.]]>
    </line>
    <line>
      <![CDATA[STEP_DOC [14:40:05:435] [00:01:01:817]:Closing window CDwindow-026347A0071E2090920F23EA051B7D5A]]>
    </line>
    <line>
      <![CDATA[STEP_DOC [14:40:05:436] [449030:40:05:436]:STEP_DOC [14:40:05:435] [00:01:01:817]:Closing window CDwindow-026347A0071E2090920F23EA051B7D5A]]>
    </line>
    <line>
      <![CDATA[STEP_DOC [14:40:05:596] [00:01:01:979]:Closed window CDwindow-026347A0071E2090920F23EA051B7D5A]]>
    </line>
    <line>
      <![CDATA[STEP_DOC [14:40:05:597] [449030:40:05:598]:STEP_DOC [14:40:05:596] [00:01:01:979]:Closed window CDwindow-026347A0071E2090920F23EA051B7D5A]]>
    </line>
    <line>
      <![CDATA[STEP_DOC [14:40:05:676] [00:01:02:058]:Closing window CDwindow-88DFC25B3B273B20C16B4873624C186E]]>
    </line>
    <line>
      <![CDATA[STEP_DOC [14:40:05:677] [449030:40:05:677]:STEP_DOC [14:40:05:676] [00:01:02:058]:Closing window CDwindow-88DFC25B3B273B20C16B4873624C186E]]>
    </line>
    <line>
      <![CDATA[STEP_DOC [14:40:05:844] [00:01:02:227]:Closed window CDwindow-88DFC25B3B273B20C16B4873624C186E]]>
    </line>
    <line>
      <![CDATA[STEP_DOC [14:40:05:845] [449030:40:05:845]:STEP_DOC [14:40:05:844] [00:01:02:227]:Closed window CDwindow-88DFC25B3B273B20C16B4873624C186E]]>
    </line>
    <line>
      <![CDATA[STEP_DOC [14:40:05:846] [00:01:02:228]:waiting for 3 secs before terminating the session.]]>
    </line>
    <line>
      <![CDATA[STEP_DOC [14:40:05:846] [449030:40:05:847]:STEP_DOC [14:40:05:846] [00:01:02:228]:waiting for 3 secs before terminating the session.]]>
    </line>
    <line>
      <![CDATA[STEP_DOC [14:40:08:851] [00:01:05:233]:Quitting session.]]>
    </line>
    <line>
      <![CDATA[STEP_DOC [14:40:08:851] [449030:40:08:851]:STEP_DOC [14:40:08:851] [00:01:05:233]:Quitting session.]]>
    </line>
    <line>
      <![CDATA[STEP_DOC [14:40:08:931] [00:01:05:314]:Session closed.]]>
    </line>
    <line>
      <![CDATA[STEP_DOC [14:40:08:932] [449030:40:08:932]:STEP_DOC [14:40:08:931] [00:01:05:314]:Session closed.]]>
    </line>
  </reporter-output>
  <suite started-at="2021-03-23T14:38:59Z" name="Tests" finished-at="2021-03-23T14:40:08Z" duration-ms="69378">
    <groups>
    </groups>
    <test started-at="2021-03-23T14:38:59Z" name="demotestTime" finished-at="2021-03-23T14:40:08Z" duration-ms="69378">
      <class name="com.burning.glass.selenium.web.demotest.DemoTest1">
        <test-method is-config="true" signature="startSession(java.lang.String, java.lang.String, java.lang.String, java.lang.String, java.lang.String, java.lang.String, java.lang.String, java.lang.String, java.lang.String)[pri:0, instance:com.burning.glass.selenium.web.demotest.DemoTest1@345965f2]" started-at="2021-03-23T14:38:59Z" name="startSession" finished-at="2021-03-23T14:39:06Z" duration-ms="7110" status="PASS">
          <params>
            <param index="0">
              <value>
                <![CDATA[]]>
              </value>
            </param>
            <param index="1">
              <value>
                <![CDATA[]]>
              </value>
            </param>
            <param index="2">
              <value>
                <![CDATA[4444]]>
              </value>
            </param>
            <param index="3">
              <value>
                <![CDATA[drivers/ChromeDriver/chromedriver]]>
              </value>
            </param>
            <param index="4">
              <value is-null="true"/>
            </param>
            <param index="5">
              <value>
                <![CDATA[MAC]]>
              </value>
            </param>
            <param index="6">
              <value>
                <![CDATA[chrome]]>
              </value>
            </param>
            <param index="7">
              <value>
                <![CDATA[https://www.seleniumeasy.com/test/]]>
              </value>
            </param>
            <param index="8">
              <value>
                <![CDATA[screenshots]]>
              </value>
            </param>
          </params>
          <reporter-output>
          </reporter-output>
        </test-method> <!-- startSession -->
        <test-method is-config="true" signature="initSingleTest(java.lang.String, java.lang.reflect.Method)[pri:0, instance:com.burning.glass.selenium.web.demotest.DemoTest1@345965f2]" started-at="2021-03-23T14:39:06Z" name="initSingleTest" finished-at="2021-03-23T14:39:06Z" duration-ms="49" status="PASS">
          <params>
            <param index="0">
              <value>
                <![CDATA[screenshots]]>
              </value>
            </param>
            <param index="1">
              <value>
                <![CDATA[public void com.burning.glass.selenium.web.demotest.DemoTest1.demotest1(java.lang.String,java.lang.String) throws java.lang.Exception]]>
              </value>
            </param>
          </params>
          <reporter-output>
            <line>
              <![CDATA[STEP_DOC [14:39:06:684] [00:00:03:109]:Starting test for class [com.burning.glass.selenium.web.demotest.DemoTest1] and method [demotest1]]]>
            </line>
            <line>
              <![CDATA[STEP_DOC [14:39:06:729] [449030:39:06:730]:STEP_DOC [14:39:06:684] [00:00:03:109]:Starting test for class [com.burning.glass.selenium.web.demotest.DemoTest1] and method [demotest1]]]>
            </line>
          </reporter-output>
        </test-method> <!-- initSingleTest -->
        <test-method signature="demotest1(java.lang.String, java.lang.String)[pri:0, instance:com.burning.glass.selenium.web.demotest.DemoTest1@345965f2]" started-at="2021-03-23T14:39:06Z" name="demotest1" finished-at="2021-03-23T14:39:10Z" duration-ms="4108" status="PASS">
          <params>
            <param index="0">
              <value>
                <![CDATA[sobha.jha@gmail.com]]>
              </value>
            </param>
            <param index="1">
              <value>
                <![CDATA[Burningglass]]>
              </value>
            </param>
          </params>
          <reporter-output>
          </reporter-output>
        </test-method> <!-- demotest1 -->
        <test-method is-config="true" signature="finalizeTest(java.lang.reflect.Method)[pri:0, instance:com.burning.glass.selenium.web.demotest.DemoTest1@345965f2]" started-at="2021-03-23T14:39:10Z" name="finalizeTest" finished-at="2021-03-23T14:39:10Z" duration-ms="2" status="PASS">
          <params>
            <param index="0">
              <value>
                <![CDATA[public void com.burning.glass.selenium.web.demotest.DemoTest1.demotest1(java.lang.String,java.lang.String) throws java.lang.Exception]]>
              </value>
            </param>
          </params>
          <reporter-output>
            <line>
              <![CDATA[STEP_DOC [14:39:10:841] [00:00:07:223]:Test finished for class [com.burning.glass.selenium.web.demotest.DemoTest1] and method [demotest1]]]>
            </line>
            <line>
              <![CDATA[STEP_DOC [14:39:10:841] [449030:39:10:842]:STEP_DOC [14:39:10:841] [00:00:07:223]:Test finished for class [com.burning.glass.selenium.web.demotest.DemoTest1] and method [demotest1]]]>
            </line>
          </reporter-output>
        </test-method> <!-- finalizeTest -->
        <test-method is-config="true" signature="initSingleTest(java.lang.String, java.lang.reflect.Method)[pri:0, instance:com.burning.glass.selenium.web.demotest.DemoTest1@345965f2]" started-at="2021-03-23T14:39:10Z" name="initSingleTest" finished-at="2021-03-23T14:39:10Z" duration-ms="2" status="PASS">
          <params>
            <param index="0">
              <value>
                <![CDATA[screenshots]]>
              </value>
            </param>
            <param index="1">
              <value>
                <![CDATA[public void com.burning.glass.selenium.web.demotest.DemoTest1.handleAlert(java.lang.String,java.lang.String) throws java.lang.Exception]]>
              </value>
            </param>
          </params>
          <reporter-output>
            <line>
              <![CDATA[STEP_DOC [14:39:10:843] [00:00:07:226]:Starting test for class [com.burning.glass.selenium.web.demotest.DemoTest1] and method [handleAlert]]]>
            </line>
            <line>
              <![CDATA[STEP_DOC [14:39:10:844] [449030:39:10:845]:STEP_DOC [14:39:10:843] [00:00:07:226]:Starting test for class [com.burning.glass.selenium.web.demotest.DemoTest1] and method [handleAlert]]]>
            </line>
          </reporter-output>
        </test-method> <!-- initSingleTest -->
        <test-method signature="handleAlert(java.lang.String, java.lang.String)[pri:0, instance:com.burning.glass.selenium.web.demotest.DemoTest1@345965f2]" started-at="2021-03-23T14:39:10Z" name="handleAlert" finished-at="2021-03-23T14:40:05Z" duration-ms="54542" status="PASS">
          <params>
            <param index="0">
              <value>
                <![CDATA[sobha.jha@gmail.com]]>
              </value>
            </param>
            <param index="1">
              <value>
                <![CDATA[Burningglass]]>
              </value>
            </param>
          </params>
          <reporter-output>
            <line>
              <![CDATA[STEP_DOC [14:39:29:043] [00:00:25:425]:Switching to window handle [CDwindow-88DFC25B3B273B20C16B4873624C186E]]]>
            </line>
            <line>
              <![CDATA[STEP_DOC [14:39:29:044] [449030:39:29:044]:STEP_DOC [14:39:29:043] [00:00:25:425]:Switching to window handle [CDwindow-88DFC25B3B273B20C16B4873624C186E]]]>
            </line>
            <line>
              <![CDATA[STEP_DOC [14:39:47:777] [00:00:44:164]:Done waiting for 1000 ms.]]>
            </line>
            <line>
              <![CDATA[STEP_DOC [14:39:47:790] [449030:39:47:796]:STEP_DOC [14:39:47:777] [00:00:44:164]:Done waiting for 1000 ms.]]>
            </line>
            <line>
              <![CDATA[STEP_DOC [14:40:02:448] [00:00:58:830]:Done waiting for 1000 ms.]]>
            </line>
            <line>
              <![CDATA[STEP_DOC [14:40:02:449] [449030:40:02:450]:STEP_DOC [14:40:02:448] [00:00:58:830]:Done waiting for 1000 ms.]]>
            </line>
          </reporter-output>
        </test-method> <!-- handleAlert -->
        <test-method is-config="true" signature="finalizeTest(java.lang.reflect.Method)[pri:0, instance:com.burning.glass.selenium.web.demotest.DemoTest1@345965f2]" started-at="2021-03-23T14:40:05Z" name="finalizeTest" finished-at="2021-03-23T14:40:05Z" duration-ms="2" status="PASS">
          <params>
            <param index="0">
              <value>
                <![CDATA[public void com.burning.glass.selenium.web.demotest.DemoTest1.handleAlert(java.lang.String,java.lang.String) throws java.lang.Exception]]>
              </value>
            </param>
          </params>
          <reporter-output>
            <line>
              <![CDATA[STEP_DOC [14:40:05:389] [00:01:01:771]:Test finished for class [com.burning.glass.selenium.web.demotest.DemoTest1] and method [handleAlert]]]>
            </line>
            <line>
              <![CDATA[STEP_DOC [14:40:05:389] [449030:40:05:390]:STEP_DOC [14:40:05:389] [00:01:01:771]:Test finished for class [com.burning.glass.selenium.web.demotest.DemoTest1] and method [handleAlert]]]>
            </line>
          </reporter-output>
        </test-method> <!-- finalizeTest -->
        <test-method is-config="true" signature="closeSession()[pri:0, instance:com.burning.glass.selenium.web.demotest.DemoTest1@345965f2]" started-at="2021-03-23T14:40:05Z" name="closeSession" finished-at="2021-03-23T14:40:08Z" duration-ms="3542" status="PASS">
          <reporter-output>
            <line>
              <![CDATA[STEP_DOC [14:40:05:390] [00:01:01:773]:Closing session.]]>
            </line>
            <line>
              <![CDATA[STEP_DOC [14:40:05:391] [449030:40:05:391]:STEP_DOC [14:40:05:390] [00:01:01:773]:Closing session.]]>
            </line>
            <line>
              <![CDATA[STEP_DOC [14:40:05:435] [00:01:01:817]:Closing window CDwindow-026347A0071E2090920F23EA051B7D5A]]>
            </line>
            <line>
              <![CDATA[STEP_DOC [14:40:05:436] [449030:40:05:436]:STEP_DOC [14:40:05:435] [00:01:01:817]:Closing window CDwindow-026347A0071E2090920F23EA051B7D5A]]>
            </line>
            <line>
              <![CDATA[STEP_DOC [14:40:05:596] [00:01:01:979]:Closed window CDwindow-026347A0071E2090920F23EA051B7D5A]]>
            </line>
            <line>
              <![CDATA[STEP_DOC [14:40:05:597] [449030:40:05:598]:STEP_DOC [14:40:05:596] [00:01:01:979]:Closed window CDwindow-026347A0071E2090920F23EA051B7D5A]]>
            </line>
            <line>
              <![CDATA[STEP_DOC [14:40:05:676] [00:01:02:058]:Closing window CDwindow-88DFC25B3B273B20C16B4873624C186E]]>
            </line>
            <line>
              <![CDATA[STEP_DOC [14:40:05:677] [449030:40:05:677]:STEP_DOC [14:40:05:676] [00:01:02:058]:Closing window CDwindow-88DFC25B3B273B20C16B4873624C186E]]>
            </line>
            <line>
              <![CDATA[STEP_DOC [14:40:05:844] [00:01:02:227]:Closed window CDwindow-88DFC25B3B273B20C16B4873624C186E]]>
            </line>
            <line>
              <![CDATA[STEP_DOC [14:40:05:845] [449030:40:05:845]:STEP_DOC [14:40:05:844] [00:01:02:227]:Closed window CDwindow-88DFC25B3B273B20C16B4873624C186E]]>
            </line>
            <line>
              <![CDATA[STEP_DOC [14:40:05:846] [00:01:02:228]:waiting for 3 secs before terminating the session.]]>
            </line>
            <line>
              <![CDATA[STEP_DOC [14:40:05:846] [449030:40:05:847]:STEP_DOC [14:40:05:846] [00:01:02:228]:waiting for 3 secs before terminating the session.]]>
            </line>
            <line>
              <![CDATA[STEP_DOC [14:40:08:851] [00:01:05:233]:Quitting session.]]>
            </line>
            <line>
              <![CDATA[STEP_DOC [14:40:08:851] [449030:40:08:851]:STEP_DOC [14:40:08:851] [00:01:05:233]:Quitting session.]]>
            </line>
            <line>
              <![CDATA[STEP_DOC [14:40:08:931] [00:01:05:314]:Session closed.]]>
            </line>
            <line>
              <![CDATA[STEP_DOC [14:40:08:932] [449030:40:08:932]:STEP_DOC [14:40:08:931] [00:01:05:314]:Session closed.]]>
            </line>
          </reporter-output>
        </test-method> <!-- closeSession -->
      </class> <!-- com.burning.glass.selenium.web.demotest.DemoTest1 -->
    </test> <!-- demotestTime -->
  </suite> <!-- Tests -->
</testng-results>
